mode: set
github.com/tomocy/tornado/list_cmd.go:15.73,20.37 2 1
github.com/tomocy/tornado/list_cmd.go:20.37,22.3 1 1
github.com/tomocy/tornado/list_cmd.go:25.41,27.2 1 1
github.com/tomocy/tornado/list_cmd.go:29.37,31.2 1 1
github.com/tomocy/tornado/list_cmd.go:33.46,35.16 2 1
github.com/tomocy/tornado/list_cmd.go:45.2,45.21 1 0
github.com/tomocy/tornado/list_cmd.go:49.2,49.29 1 0
github.com/tomocy/tornado/list_cmd.go:52.2,52.17 1 0
github.com/tomocy/tornado/list_cmd.go:35.16,36.27 1 1
github.com/tomocy/tornado/list_cmd.go:41.3,42.19 2 0
github.com/tomocy/tornado/list_cmd.go:36.27,39.4 2 1
github.com/tomocy/tornado/list_cmd.go:45.21,48.3 2 0
github.com/tomocy/tornado/list_cmd.go:49.29,51.3 1 0
github.com/tomocy/tornado/list_cmd.go:55.52,57.16 2 1
github.com/tomocy/tornado/list_cmd.go:60.2,61.16 2 0
github.com/tomocy/tornado/list_cmd.go:64.2,68.21 4 0
github.com/tomocy/tornado/list_cmd.go:72.2,72.19 1 0
github.com/tomocy/tornado/list_cmd.go:57.16,59.3 1 1
github.com/tomocy/tornado/list_cmd.go:61.16,63.3 1 0
github.com/tomocy/tornado/list_cmd.go:68.21,70.3 1 0
github.com/tomocy/tornado/tornado.go:29.20,31.2 1 0
github.com/tomocy/tornado/tornado.go:39.28,50.2 4 1
github.com/tomocy/tornado/tornado.go:52.42,54.16 2 1
github.com/tomocy/tornado/tornado.go:59.2,59.37 1 1
github.com/tomocy/tornado/tornado.go:54.16,57.3 2 0
github.com/tomocy/tornado/tornado.go:62.28,64.16 2 1
github.com/tomocy/tornado/tornado.go:68.2,68.13 1 1
github.com/tomocy/tornado/tornado.go:64.16,67.3 2 0
